#
# There is insufficient memory for the Java Runtime Environment to continue.
# Native memory allocation (mmap) failed to map 1073741824 bytes for G1 virtual space
# Possible reasons:
#   The system is out of physical RAM or swap space
#   The process is running with CompressedOops enabled, and the Java Heap may be blocking the growth of the native heap
# Possible solutions:
#   Reduce memory load on the system
#   Increase physical memory or swap space
#   Check if swap backing store is full
#   Decrease Java heap size (-Xmx/-Xms)
#   Decrease number of Java threads
#   Decrease Java thread stack sizes (-Xss)
#   Set larger code cache with -XX:ReservedCodeCacheSize=
#   JVM is running with Zero Based Compressed Oops mode in which the Java heap is
#     placed in the first 32GB address space. The Java Heap base address is the
#     maximum limit for the native heap growth. Please use -XX:HeapBaseMinAddress
#     to set the Java Heap base and to place the Java Heap above 32GB virtual address.
# This output file may be truncated or incomplete.
#
#  Out of Memory Error (os_windows.cpp:3771), pid=24276, tid=15052
#
# JRE version:  (17.0.7+10) (build )
# Java VM: OpenJDK 64-Bit Server VM (17.0.7+10-b829.16, mixed mode, sharing, tiered, compressed oops, compressed class ptrs, g1 gc, windows-amd64)
# No core dump will be written. Minidumps are not enabled by default on client versions of Windows
#

---------------  S U M M A R Y ------------

Command Line: git4idea.http.GitAskPassApp Username for 'https://github.com': 

Host: AMD Ryzen 7 1700X Eight-Core Processor         , 16 cores, 63G,  Windows 10 , 64 bit Build 19041 (10.0.19041.3155)
Time: Thu Aug 10 14:08:55 2023 Mitteleuropäische Sommerzeit elapsed time: 0.013019 seconds (0d 0h 0m 0s)

---------------  T H R E A D  ---------------

Current thread (0x00000220d742c0a0):  JavaThread "Unknown thread" [_thread_in_vm, id=15052, stack(0x000000854df00000,0x000000854e000000)]

Stack: [0x000000854df00000,0x000000854e000000]
Native frames: (J=compiled Java code, j=interpreted, Vv=VM code, C=native code)
V  [jvm.dll+0x683cca]
V  [jvm.dll+0x8424b4]
V  [jvm.dll+0x843cae]
V  [jvm.dll+0x844313]
V  [jvm.dll+0x24ad2f]
V  [jvm.dll+0x680b99]
V  [jvm.dll+0x67526a]
V  [jvm.dll+0x30b3cb]
V  [jvm.dll+0x312876]
V  [jvm.dll+0x36221e]
V  [jvm.dll+0x36244f]
V  [jvm.dll+0x2e14a8]
V  [jvm.dll+0x2e2414]
V  [jvm.dll+0x814441]
V  [jvm.dll+0x36ffe1]
V  [jvm.dll+0x7f3a1c]
V  [jvm.dll+0x3f305f]
V  [jvm.dll+0x3f4b91]
C  [jli.dll+0x528f]
C  [ucrtbase.dll+0x21bb2]
C  [KERNEL32.DLL+0x17614]
C  [ntdll.dll+0x526b1]


---------------  P R O C E S S  ---------------

Threads class SMR info:
_java_thread_list=0x00007ffde219b098, length=0, elements={
}

Java Threads: ( => current thread )

Other Threads:
  0x00000220f0480820 GCTaskThread "GC Thread#0" [stack: 0x000000854e000000,0x000000854e100000] [id=26088]
  0x00000220d74ef190 ConcurrentGCThread "G1 Main Marker" [stack: 0x000000854e100000,0x000000854e200000] [id=14864]
  0x00000220d74f0250 ConcurrentGCThread "G1 Conc#0" [stack: 0x000000854e200000,0x000000854e300000] [id=14228]

[error occurred during error reporting (printing all threads), id 0xc0000005, EXCEPTION_ACCESS_VIOLATION (0xc0000005) at pc=0x00007ffde1952087]

VM state: not at safepoint (not fully initialized)

VM Mutex/Monitor currently owned by a thread:  ([mutex/lock_event])
[0x00000220d74274c0] Heap_lock - owner thread: 0x00000220d742c0a0

Heap address: 0x0000000401000000, size: 16368 MB, Compressed Oops mode: Zero based, Oop shift amount: 3

CDS archive(s) mapped at: [0x0000000000000000-0x0000000000000000-0x0000000000000000), size 0, SharedBaseAddress: 0x0000000800000000, ArchiveRelocationMode: 0.
Narrow klass base: 0x0000000000000000, Narrow klass shift: 0, Narrow klass range: 0x0

GC Precious Log:
<Empty>

Heap:
 garbage-first heap   total 0K, used 0K [0x0000000401000000, 0x0000000800000000)
  region size 8192K, 0 young (0K), 0 survivors (0K)

[error occurred during error reporting (printing heap information), id 0xc0000005, EXCEPTION_ACCESS_VIOLATION (0xc0000005) at pc=0x00007ffde1d3df59]

GC Heap History (0 events):
No events

Dll operation events (1 events):
Event: 0.008 Loaded shared library G:\pycharm\PyCharm 2021.3.3\jbr\bin\java.dll

Deoptimization events (0 events):
No events

Classes unloaded (0 events):
No events

Classes redefined (0 events):
No events

Internal exceptions (0 events):
No events

VM Operations (0 events):
No events

Events (0 events):
No events


Dynamic libraries:
0x00007ff6cbe80000 - 0x00007ff6cbe8a000 	G:\pycharm\PyCharm 2021.3.3\jbr\bin\java.exe
0x00007ffe6a1d0000 - 0x00007ffe6a3c8000 	C:\WINDOWS\SYSTEM32\ntdll.dll
0x00007ffe68c50000 - 0x00007ffe68d0f000 	C:\WINDOWS\System32\KERNEL32.DLL
0x00007ffe67bd0000 - 0x00007ffe67ec6000 	C:\WINDOWS\System32\KERNELBASE.dll
0x00007ffe67fe0000 - 0x00007ffe680e0000 	C:\WINDOWS\System32\ucrtbase.dll
0x00007ffe544b0000 - 0x00007ffe544c7000 	G:\pycharm\PyCharm 2021.3.3\jbr\bin\jli.dll
0x00007ffe51290000 - 0x00007ffe512ab000 	G:\pycharm\PyCharm 2021.3.3\jbr\bin\VCRUNTIME140.dll
0x00007ffe682a0000 - 0x00007ffe6843d000 	C:\WINDOWS\System32\USER32.dll
0x00007ffe4b930000 - 0x00007ffe4bbca000 	C:\WINDOWS\WinSxS\amd64_microsoft.windows.common-controls_6595b64144ccf1df_6.0.19041.1110_none_60b5254171f9507e\COMCTL32.dll
0x00007ffe68200000 - 0x00007ffe68222000 	C:\WINDOWS\System32\win32u.dll
0x00007ffe68440000 - 0x00007ffe684de000 	C:\WINDOWS\System32\msvcrt.dll
0x00007ffe6a160000 - 0x00007ffe6a18c000 	C:\WINDOWS\System32\GDI32.dll
0x00007ffe680e0000 - 0x00007ffe681f5000 	C:\WINDOWS\System32\gdi32full.dll
0x00007ffe67ac0000 - 0x00007ffe67b5d000 	C:\WINDOWS\System32\msvcp_win.dll
0x00007ffe6a0d0000 - 0x00007ffe6a100000 	C:\WINDOWS\System32\IMM32.DLL
0x00007ffe58820000 - 0x00007ffe5882c000 	G:\pycharm\PyCharm 2021.3.3\jbr\bin\vcruntime140_1.dll
0x00007ffe42e60000 - 0x00007ffe42eed000 	G:\pycharm\PyCharm 2021.3.3\jbr\bin\msvcp140.dll
0x00007ffde1660000 - 0x00007ffde22ce000 	G:\pycharm\PyCharm 2021.3.3\jbr\bin\server\jvm.dll
0x00007ffe68730000 - 0x00007ffe687df000 	C:\WINDOWS\System32\ADVAPI32.dll
0x00007ffe68ea0000 - 0x00007ffe68f3c000 	C:\WINDOWS\System32\sechost.dll
0x00007ffe684e0000 - 0x00007ffe68606000 	C:\WINDOWS\System32\RPCRT4.dll
0x00007ffe62650000 - 0x00007ffe62677000 	C:\WINDOWS\SYSTEM32\WINMM.dll
0x00007ffe64fe0000 - 0x00007ffe64fe9000 	C:\WINDOWS\SYSTEM32\WSOCK32.dll
0x00007ffe61ef0000 - 0x00007ffe61efa000 	C:\WINDOWS\SYSTEM32\VERSION.dll
0x00007ffe69da0000 - 0x00007ffe69e0b000 	C:\WINDOWS\System32\WS2_32.dll
0x00007ffe65780000 - 0x00007ffe65792000 	C:\WINDOWS\SYSTEM32\kernel.appcore.dll
0x00007ffe65000000 - 0x00007ffe6500a000 	G:\pycharm\PyCharm 2021.3.3\jbr\bin\jimage.dll
0x00007ffe601f0000 - 0x00007ffe603d4000 	C:\WINDOWS\SYSTEM32\DBGHELP.DLL
0x00007ffe542b0000 - 0x00007ffe542e4000 	C:\WINDOWS\SYSTEM32\dbgcore.DLL
0x00007ffe67ed0000 - 0x00007ffe67f52000 	C:\WINDOWS\System32\bcryptPrimitives.dll
0x00007ffe58960000 - 0x00007ffe58985000 	G:\pycharm\PyCharm 2021.3.3\jbr\bin\java.dll

dbghelp: loaded successfully - version: 4.0.5 - missing functions: none
symbol engine: initialized successfully - sym options: 0x614 - pdb path: .;G:\pycharm\PyCharm 2021.3.3\jbr\bin;C:\WINDOWS\SYSTEM32;C:\WINDOWS\WinSxS\amd64_microsoft.windows.common-controls_6595b64144ccf1df_6.0.19041.1110_none_60b5254171f9507e;G:\pycharm\PyCharm 2021.3.3\jbr\bin\server

VM Arguments:
java_command: git4idea.http.GitAskPassApp Username for 'https://github.com': 
java_class_path (initial): G:/pycharm/PyCharm 2021.3.3/plugins/vcs-git/lib/git4idea-rt.jar;G:/pycharm/PyCharm 2021.3.3/lib/externalProcess-rt.jar
Launcher Type: SUN_STANDARD

[Global flags]
     intx CICompilerCount                          = 12                                        {product} {ergonomic}
     uint ConcGCThreads                            = 3                                         {product} {ergonomic}
     uint G1ConcRefinementThreads                  = 13                                        {product} {ergonomic}
   size_t G1HeapRegionSize                         = 8388608                                   {product} {ergonomic}
    uintx GCDrainStackTargetSize                   = 64                                        {product} {ergonomic}
   size_t InitialHeapSize                          = 1073741824                                {product} {ergonomic}
   size_t MarkStackSize                            = 4194304                                   {product} {ergonomic}
   size_t MaxHeapSize                              = 17163091968                               {product} {ergonomic}
   size_t MinHeapDeltaBytes                        = 8388608                                   {product} {ergonomic}
   size_t MinHeapSize                              = 8388608                                   {product} {ergonomic}
    uintx NonNMethodCodeHeapSize                   = 7602480                                {pd product} {ergonomic}
    uintx NonProfiledCodeHeapSize                  = 122027880                              {pd product} {ergonomic}
    uintx ProfiledCodeHeapSize                     = 122027880                              {pd product} {ergonomic}
    uintx ReservedCodeCacheSize                    = 251658240                              {pd product} {ergonomic}
     bool SegmentedCodeCache                       = true                                      {product} {ergonomic}
   size_t SoftMaxHeapSize                          = 17163091968                            {manageable} {ergonomic}
     bool UseCompressedClassPointers               = true                           {product lp64_product} {ergonomic}
     bool UseCompressedOops                        = true                           {product lp64_product} {ergonomic}
     bool UseG1GC                                  = true                                      {product} {ergonomic}
     bool UseLargePagesIndividualAllocation        = false                                  {pd product} {ergonomic}

Logging:
Log output configuration:
 #0: stdout all=warning uptime,level,tags
 #1: stderr all=off uptime,level,tags

Environment Variables:
PATH=C:/Program Files/Git/mingw64/libexec/git-core;C:/Program Files/Git/mingw64/libexec/git-core;C:\Program Files\Git\mingw64\bin;C:\Program Files\Git\usr\bin;C:\Users\Ulf\bin;C:\Program Files (x86)\VMware\VMware Player\bin\;C:\Program Files (x86)\Common Files\Oracle\Java\javapath;C:\ProgramData\Oracle\Java\javapath;C:\Windows\system32;C:\Windows;C:\Windows\System32\Wbem;C:\Windows\System32\WindowsPowerShell\v1.0\;C:\Program Files (x86)\NVIDIA Corporation\PhysX\Common;C:\WINDOWS\system32;C:\WINDOWS;C:\WINDOWS\System32\Wbem;C:\WINDOWS\System32\WindowsPowerShell\v1.0\;C:\WINDOWS\System32\OpenSSH\;C:\WINDOWS\system32;C:\WINDOWS;C:\WINDOWS\System32\Wbem;C:\WINDOWS\System32\WindowsPowerShell\v1.0\;C:\WINDOWS\System32\OpenSSH\;C:\Program Files\PuTTY\;C:\Program Files\Git\cmd;C:\Program Files\dotnet\;C:\Users\Ulf\AppData\Local\Microsoft\WindowsApps
USERNAME=Ulf
DISPLAY=:0.0
LC_ALL=en_US.UTF-8
TERM=xterm-256color
TMPDIR=C:\Users\Ulf\AppData\Local\Temp
OS=Windows_NT
PROCESSOR_IDENTIFIER=AMD64 Family 23 Model 1 Stepping 1, AuthenticAMD
TMP=C:\Users\Ulf\AppData\Local\Temp
TEMP=C:\Users\Ulf\AppData\Local\Temp


JNI global refs:

[error occurred during error reporting (JNI global references), id 0xc0000005, EXCEPTION_ACCESS_VIOLATION (0xc0000005) at pc=0x00007ffde1717fc0]


---------------  S Y S T E M  ---------------

OS:
 Windows 10 , 64 bit Build 19041 (10.0.19041.3155)
OS uptime: 4 days 3:00 hours

CPU: total 16 (initial active 16) (16 cores per cpu, 2 threads per core) family 23 model 1 stepping 1 microcode 0x0, cx8, cmov, fxsr, ht, mmx, 3dnowpref, sse, sse2, sse3, ssse3, sse4a, sse4.1, sse4.2, popcnt, lzcnt, tsc, tscinvbit, avx, avx2, aes, clmul, bmi1, bmi2, adx, sha, fma, vzeroupper, clflush, clflushopt

Memory: 4k page, system-wide physical 65463M (45978M free)
TotalPageFile size 95136M (AvailPageFile size 153M)
current process WorkingSet (physical memory assigned to process): 11M, peak: 11M
current process commit charge ("private bytes"): 71M, peak: 1095M

vm_info: OpenJDK 64-Bit Server VM (17.0.7+10-b829.16) for windows-amd64 JRE (17.0.7+10-b829.16), built on 2023-06-02 by "builduser" with MS VC++ 16.10 / 16.11 (VS2019)

END.
